<?xml version="1.0" encoding="UTF-8"?>
<testsuite xmlns:xsi="http://www.w3.org/2001/XMLSchema-instance" xsi:noNamespaceSchemaLocation="https://maven.apache.org/surefire/maven-surefire-plugin/xsd/surefire-test-report.xsd" name="demo.ModuleApplicationTests" time="0.011" tests="1" errors="0" skipped="1" failures="0">
  <properties>
    <property name="gopherProxySet" value="false"/>
    <property name="awt.toolkit" value="sun.lwawt.macosx.LWCToolkit"/>
    <property name="file.encoding.pkg" value="sun.io"/>
    <property name="java.specification.version" value="1.8"/>
    <property name="sun.cpu.isalist" value=""/>
    <property name="sun.jnu.encoding" value="UTF-8"/>
    <property name="java.class.path" value="/Users/miteshpatel/Projects/spring-cloud-stream-samples/multi-functions-samples/function-composition-rabbit/target/test-classes:/Users/miteshpatel/Projects/spring-cloud-stream-samples/multi-functions-samples/function-composition-rabbit/target/classes:/Users/miteshpatel/.m2/repository/org/springframework/cloud/spring-cloud-stream-binder-rabbit/3.0.1.RELEASE/spring-cloud-stream-binder-rabbit-3.0.1.RELEASE.jar:/Users/miteshpatel/.m2/repository/org/springframework/cloud/spring-cloud-stream-binder-rabbit-core/3.0.1.RELEASE/spring-cloud-stream-binder-rabbit-core-3.0.1.RELEASE.jar:/Users/miteshpatel/.m2/repository/org/springframework/integration/spring-integration-amqp/5.2.0.RELEASE/spring-integration-amqp-5.2.0.RELEASE.jar:/Users/miteshpatel/.m2/repository/com/rabbitmq/http-client/2.1.0.RELEASE/http-client-2.1.0.RELEASE.jar:/Users/miteshpatel/.m2/repository/org/springframework/cloud/spring-cloud-stream/3.0.1.RELEASE/spring-cloud-stream-3.0.1.RELEASE.jar:/Users/miteshpatel/.m2/repository/org/springframework/spring-messaging/5.2.0.RELEASE/spring-messaging-5.2.0.RELEASE.jar:/Users/miteshpatel/.m2/repository/org/springframework/integration/spring-integration-core/5.2.0.RELEASE/spring-integration-core-5.2.0.RELEASE.jar:/Users/miteshpatel/.m2/repository/io/projectreactor/reactor-core/3.3.0.RELEASE/reactor-core-3.3.0.RELEASE.jar:/Users/miteshpatel/.m2/repository/org/reactivestreams/reactive-streams/1.0.3/reactive-streams-1.0.3.jar:/Users/miteshpatel/.m2/repository/org/springframework/spring-tx/5.2.0.RELEASE/spring-tx-5.2.0.RELEASE.jar:/Users/miteshpatel/.m2/repository/org/springframework/retry/spring-retry/1.2.4.RELEASE/spring-retry-1.2.4.RELEASE.jar:/Users/miteshpatel/.m2/repository/org/springframework/cloud/spring-cloud-function-context/3.0.1.RELEASE/spring-cloud-function-context-3.0.1.RELEASE.jar:/Users/miteshpatel/.m2/repository/org/springframework/cloud/spring-cloud-function-core/3.0.1.RELEASE/spring-cloud-function-core-3.0.1.RELEASE.jar:/Users/miteshpatel/.m2/repository/org/springframework/boot/spring-boot-starter-amqp/2.2.0.RELEASE/spring-boot-starter-amqp-2.2.0.RELEASE.jar:/Users/miteshpatel/.m2/repository/org/springframework/amqp/spring-rabbit/2.2.0.RELEASE/spring-rabbit-2.2.0.RELEASE.jar:/Users/miteshpatel/.m2/repository/com/rabbitmq/amqp-client/5.7.3/amqp-client-5.7.3.jar:/Users/miteshpatel/.m2/repository/org/springframework/amqp/spring-amqp/2.2.0.RELEASE/spring-amqp-2.2.0.RELEASE.jar:/Users/miteshpatel/.m2/repository/org/springframework/integration/spring-integration-jmx/5.2.0.RELEASE/spring-integration-jmx-5.2.0.RELEASE.jar:/Users/miteshpatel/.m2/repository/org/apache/httpcomponents/httpclient/4.5.10/httpclient-4.5.10.jar:/Users/miteshpatel/.m2/repository/org/apache/httpcomponents/httpcore/4.4.12/httpcore-4.4.12.jar:/Users/miteshpatel/.m2/repository/commons-codec/commons-codec/1.13/commons-codec-1.13.jar:/Users/miteshpatel/.m2/repository/org/springframework/boot/spring-boot-starter-test/2.2.0.RELEASE/spring-boot-starter-test-2.2.0.RELEASE.jar:/Users/miteshpatel/.m2/repository/org/springframework/boot/spring-boot-test/2.2.0.RELEASE/spring-boot-test-2.2.0.RELEASE.jar:/Users/miteshpatel/.m2/repository/org/springframework/boot/spring-boot-test-autoconfigure/2.2.0.RELEASE/spring-boot-test-autoconfigure-2.2.0.RELEASE.jar:/Users/miteshpatel/.m2/repository/com/jayway/jsonpath/json-path/2.4.0/json-path-2.4.0.jar:/Users/miteshpatel/.m2/repository/net/minidev/json-smart/2.3/json-smart-2.3.jar:/Users/miteshpatel/.m2/repository/net/minidev/accessors-smart/1.2/accessors-smart-1.2.jar:/Users/miteshpatel/.m2/repository/org/ow2/asm/asm/5.0.4/asm-5.0.4.jar:/Users/miteshpatel/.m2/repository/org/slf4j/slf4j-api/1.7.28/slf4j-api-1.7.28.jar:/Users/miteshpatel/.m2/repository/jakarta/xml/bind/jakarta.xml.bind-api/2.3.2/jakarta.xml.bind-api-2.3.2.jar:/Users/miteshpatel/.m2/repository/jakarta/activation/jakarta.activation-api/1.2.1/jakarta.activation-api-1.2.1.jar:/Users/miteshpatel/.m2/repository/org/junit/jupiter/junit-jupiter/5.5.2/junit-jupiter-5.5.2.jar:/Users/miteshpatel/.m2/repository/org/junit/jupiter/junit-jupiter-api/5.5.2/junit-jupiter-api-5.5.2.jar:/Users/miteshpatel/.m2/repository/org/opentest4j/opentest4j/1.2.0/opentest4j-1.2.0.jar:/Users/miteshpatel/.m2/repository/org/junit/platform/junit-platform-commons/1.5.2/junit-platform-commons-1.5.2.jar:/Users/miteshpatel/.m2/repository/org/junit/jupiter/junit-jupiter-params/5.5.2/junit-jupiter-params-5.5.2.jar:/Users/miteshpatel/.m2/repository/org/junit/jupiter/junit-jupiter-engine/5.5.2/junit-jupiter-engine-5.5.2.jar:/Users/miteshpatel/.m2/repository/org/junit/vintage/junit-vintage-engine/5.5.2/junit-vintage-engine-5.5.2.jar:/Users/miteshpatel/.m2/repository/org/apiguardian/apiguardian-api/1.1.0/apiguardian-api-1.1.0.jar:/Users/miteshpatel/.m2/repository/org/junit/platform/junit-platform-engine/1.5.2/junit-platform-engine-1.5.2.jar:/Users/miteshpatel/.m2/repository/junit/junit/4.12/junit-4.12.jar:/Users/miteshpatel/.m2/repository/org/mockito/mockito-junit-jupiter/3.1.0/mockito-junit-jupiter-3.1.0.jar:/Users/miteshpatel/.m2/repository/org/assertj/assertj-core/3.13.2/assertj-core-3.13.2.jar:/Users/miteshpatel/.m2/repository/org/hamcrest/hamcrest/2.1/hamcrest-2.1.jar:/Users/miteshpatel/.m2/repository/org/mockito/mockito-core/3.1.0/mockito-core-3.1.0.jar:/Users/miteshpatel/.m2/repository/net/bytebuddy/byte-buddy/1.10.1/byte-buddy-1.10.1.jar:/Users/miteshpatel/.m2/repository/net/bytebuddy/byte-buddy-agent/1.10.1/byte-buddy-agent-1.10.1.jar:/Users/miteshpatel/.m2/repository/org/objenesis/objenesis/2.6/objenesis-2.6.jar:/Users/miteshpatel/.m2/repository/org/skyscreamer/jsonassert/1.5.0/jsonassert-1.5.0.jar:/Users/miteshpatel/.m2/repository/com/vaadin/external/google/android-json/0.0.20131108.vaadin1/android-json-0.0.20131108.vaadin1.jar:/Users/miteshpatel/.m2/repository/org/springframework/spring-core/5.2.0.RELEASE/spring-core-5.2.0.RELEASE.jar:/Users/miteshpatel/.m2/repository/org/springframework/spring-jcl/5.2.0.RELEASE/spring-jcl-5.2.0.RELEASE.jar:/Users/miteshpatel/.m2/repository/org/springframework/spring-test/5.2.0.RELEASE/spring-test-5.2.0.RELEASE.jar:/Users/miteshpatel/.m2/repository/org/xmlunit/xmlunit-core/2.6.3/xmlunit-core-2.6.3.jar:/Users/miteshpatel/.m2/repository/org/springframework/boot/spring-boot-starter-actuator/2.2.0.RELEASE/spring-boot-starter-actuator-2.2.0.RELEASE.jar:/Users/miteshpatel/.m2/repository/org/springframework/boot/spring-boot-actuator-autoconfigure/2.2.0.RELEASE/spring-boot-actuator-autoconfigure-2.2.0.RELEASE.jar:/Users/miteshpatel/.m2/repository/org/springframework/boot/spring-boot-actuator/2.2.0.RELEASE/spring-boot-actuator-2.2.0.RELEASE.jar:/Users/miteshpatel/.m2/repository/com/fasterxml/jackson/core/jackson-databind/2.10.0/jackson-databind-2.10.0.jar:/Users/miteshpatel/.m2/repository/com/fasterxml/jackson/core/jackson-annotations/2.10.0/jackson-annotations-2.10.0.jar:/Users/miteshpatel/.m2/repository/com/fasterxml/jackson/core/jackson-core/2.10.0/jackson-core-2.10.0.jar:/Users/miteshpatel/.m2/repository/org/springframework/spring-context/5.2.0.RELEASE/spring-context-5.2.0.RELEASE.jar:/Users/miteshpatel/.m2/repository/com/fasterxml/jackson/datatype/jackson-datatype-jsr310/2.10.0/jackson-datatype-jsr310-2.10.0.jar:/Users/miteshpatel/.m2/repository/io/micrometer/micrometer-core/1.3.0/micrometer-core-1.3.0.jar:/Users/miteshpatel/.m2/repository/org/hdrhistogram/HdrHistogram/2.1.11/HdrHistogram-2.1.11.jar:/Users/miteshpatel/.m2/repository/org/latencyutils/LatencyUtils/2.0.3/LatencyUtils-2.0.3.jar:/Users/miteshpatel/.m2/repository/org/springframework/boot/spring-boot-starter/2.2.0.RELEASE/spring-boot-starter-2.2.0.RELEASE.jar:/Users/miteshpatel/.m2/repository/org/springframework/boot/spring-boot/2.2.0.RELEASE/spring-boot-2.2.0.RELEASE.jar:/Users/miteshpatel/.m2/repository/org/springframework/boot/spring-boot-autoconfigure/2.2.0.RELEASE/spring-boot-autoconfigure-2.2.0.RELEASE.jar:/Users/miteshpatel/.m2/repository/org/springframework/boot/spring-boot-starter-logging/2.2.0.RELEASE/spring-boot-starter-logging-2.2.0.RELEASE.jar:/Users/miteshpatel/.m2/repository/ch/qos/logback/logback-classic/1.2.3/logback-classic-1.2.3.jar:/Users/miteshpatel/.m2/repository/ch/qos/logback/logback-core/1.2.3/logback-core-1.2.3.jar:/Users/miteshpatel/.m2/repository/org/apache/logging/log4j/log4j-to-slf4j/2.12.1/log4j-to-slf4j-2.12.1.jar:/Users/miteshpatel/.m2/repository/org/apache/logging/log4j/log4j-api/2.12.1/log4j-api-2.12.1.jar:/Users/miteshpatel/.m2/repository/org/slf4j/jul-to-slf4j/1.7.28/jul-to-slf4j-1.7.28.jar:/Users/miteshpatel/.m2/repository/jakarta/annotation/jakarta.annotation-api/1.3.5/jakarta.annotation-api-1.3.5.jar:/Users/miteshpatel/.m2/repository/org/yaml/snakeyaml/1.25/snakeyaml-1.25.jar:/Users/miteshpatel/.m2/repository/org/springframework/boot/spring-boot-starter-web/2.2.0.RELEASE/spring-boot-starter-web-2.2.0.RELEASE.jar:/Users/miteshpatel/.m2/repository/org/springframework/boot/spring-boot-starter-json/2.2.0.RELEASE/spring-boot-starter-json-2.2.0.RELEASE.jar:/Users/miteshpatel/.m2/repository/com/fasterxml/jackson/datatype/jackson-datatype-jdk8/2.10.0/jackson-datatype-jdk8-2.10.0.jar:/Users/miteshpatel/.m2/repository/com/fasterxml/jackson/module/jackson-module-parameter-names/2.10.0/jackson-module-parameter-names-2.10.0.jar:/Users/miteshpatel/.m2/repository/org/springframework/boot/spring-boot-starter-tomcat/2.2.0.RELEASE/spring-boot-starter-tomcat-2.2.0.RELEASE.jar:/Users/miteshpatel/.m2/repository/org/apache/tomcat/embed/tomcat-embed-core/9.0.27/tomcat-embed-core-9.0.27.jar:/Users/miteshpatel/.m2/repository/org/apache/tomcat/embed/tomcat-embed-el/9.0.27/tomcat-embed-el-9.0.27.jar:/Users/miteshpatel/.m2/repository/org/apache/tomcat/embed/tomcat-embed-websocket/9.0.27/tomcat-embed-websocket-9.0.27.jar:/Users/miteshpatel/.m2/repository/org/springframework/boot/spring-boot-starter-validation/2.2.0.RELEASE/spring-boot-starter-validation-2.2.0.RELEASE.jar:/Users/miteshpatel/.m2/repository/jakarta/validation/jakarta.validation-api/2.0.1/jakarta.validation-api-2.0.1.jar:/Users/miteshpatel/.m2/repository/org/hibernate/validator/hibernate-validator/6.0.17.Final/hibernate-validator-6.0.17.Final.jar:/Users/miteshpatel/.m2/repository/org/jboss/logging/jboss-logging/3.4.1.Final/jboss-logging-3.4.1.Final.jar:/Users/miteshpatel/.m2/repository/com/fasterxml/classmate/1.5.0/classmate-1.5.0.jar:/Users/miteshpatel/.m2/repository/org/springframework/spring-web/5.2.0.RELEASE/spring-web-5.2.0.RELEASE.jar:/Users/miteshpatel/.m2/repository/org/springframework/spring-beans/5.2.0.RELEASE/spring-beans-5.2.0.RELEASE.jar:/Users/miteshpatel/.m2/repository/org/springframework/spring-webmvc/5.2.0.RELEASE/spring-webmvc-5.2.0.RELEASE.jar:/Users/miteshpatel/.m2/repository/org/springframework/spring-aop/5.2.0.RELEASE/spring-aop-5.2.0.RELEASE.jar:/Users/miteshpatel/.m2/repository/org/springframework/spring-expression/5.2.0.RELEASE/spring-expression-5.2.0.RELEASE.jar:"/>
    <property name="java.vm.vendor" value="Oracle Corporation"/>
    <property name="sun.arch.data.model" value="64"/>
    <property name="java.vendor.url" value="http://java.oracle.com/"/>
    <property name="user.timezone" value=""/>
    <property name="java.vm.specification.version" value="1.8"/>
    <property name="os.name" value="Mac OS X"/>
    <property name="user.country" value="US"/>
    <property name="sun.java.launcher" value="SUN_STANDARD"/>
    <property name="sun.boot.library.path" value="/Library/Java/JavaVirtualMachines/jdk1.8.0_111.jdk/Contents/Home/jre/lib"/>
    <property name="sun.java.command" value="/Users/miteshpatel/Projects/spring-cloud-stream-samples/multi-functions-samples/function-composition-rabbit/target/surefire/surefirebooter2129762996300555092.jar /Users/miteshpatel/Projects/spring-cloud-stream-samples/multi-functions-samples/function-composition-rabbit/target/surefire 2020-01-08T19-05-27_849-jvmRun1 surefire4007629814415923302tmp surefire_01026722697822304271tmp"/>
    <property name="http.nonProxyHosts" value="local|*.local|169.254/16|*.169.254/16"/>
    <property name="surefire.test.class.path" value="/Users/miteshpatel/Projects/spring-cloud-stream-samples/multi-functions-samples/function-composition-rabbit/target/test-classes:/Users/miteshpatel/Projects/spring-cloud-stream-samples/multi-functions-samples/function-composition-rabbit/target/classes:/Users/miteshpatel/.m2/repository/org/springframework/cloud/spring-cloud-stream-binder-rabbit/3.0.1.RELEASE/spring-cloud-stream-binder-rabbit-3.0.1.RELEASE.jar:/Users/miteshpatel/.m2/repository/org/springframework/cloud/spring-cloud-stream-binder-rabbit-core/3.0.1.RELEASE/spring-cloud-stream-binder-rabbit-core-3.0.1.RELEASE.jar:/Users/miteshpatel/.m2/repository/org/springframework/integration/spring-integration-amqp/5.2.0.RELEASE/spring-integration-amqp-5.2.0.RELEASE.jar:/Users/miteshpatel/.m2/repository/com/rabbitmq/http-client/2.1.0.RELEASE/http-client-2.1.0.RELEASE.jar:/Users/miteshpatel/.m2/repository/org/springframework/cloud/spring-cloud-stream/3.0.1.RELEASE/spring-cloud-stream-3.0.1.RELEASE.jar:/Users/miteshpatel/.m2/repository/org/springframework/spring-messaging/5.2.0.RELEASE/spring-messaging-5.2.0.RELEASE.jar:/Users/miteshpatel/.m2/repository/org/springframework/integration/spring-integration-core/5.2.0.RELEASE/spring-integration-core-5.2.0.RELEASE.jar:/Users/miteshpatel/.m2/repository/io/projectreactor/reactor-core/3.3.0.RELEASE/reactor-core-3.3.0.RELEASE.jar:/Users/miteshpatel/.m2/repository/org/reactivestreams/reactive-streams/1.0.3/reactive-streams-1.0.3.jar:/Users/miteshpatel/.m2/repository/org/springframework/spring-tx/5.2.0.RELEASE/spring-tx-5.2.0.RELEASE.jar:/Users/miteshpatel/.m2/repository/org/springframework/retry/spring-retry/1.2.4.RELEASE/spring-retry-1.2.4.RELEASE.jar:/Users/miteshpatel/.m2/repository/org/springframework/cloud/spring-cloud-function-context/3.0.1.RELEASE/spring-cloud-function-context-3.0.1.RELEASE.jar:/Users/miteshpatel/.m2/repository/org/springframework/cloud/spring-cloud-function-core/3.0.1.RELEASE/spring-cloud-function-core-3.0.1.RELEASE.jar:/Users/miteshpatel/.m2/repository/org/springframework/boot/spring-boot-starter-amqp/2.2.0.RELEASE/spring-boot-starter-amqp-2.2.0.RELEASE.jar:/Users/miteshpatel/.m2/repository/org/springframework/amqp/spring-rabbit/2.2.0.RELEASE/spring-rabbit-2.2.0.RELEASE.jar:/Users/miteshpatel/.m2/repository/com/rabbitmq/amqp-client/5.7.3/amqp-client-5.7.3.jar:/Users/miteshpatel/.m2/repository/org/springframework/amqp/spring-amqp/2.2.0.RELEASE/spring-amqp-2.2.0.RELEASE.jar:/Users/miteshpatel/.m2/repository/org/springframework/integration/spring-integration-jmx/5.2.0.RELEASE/spring-integration-jmx-5.2.0.RELEASE.jar:/Users/miteshpatel/.m2/repository/org/apache/httpcomponents/httpclient/4.5.10/httpclient-4.5.10.jar:/Users/miteshpatel/.m2/repository/org/apache/httpcomponents/httpcore/4.4.12/httpcore-4.4.12.jar:/Users/miteshpatel/.m2/repository/commons-codec/commons-codec/1.13/commons-codec-1.13.jar:/Users/miteshpatel/.m2/repository/org/springframework/boot/spring-boot-starter-test/2.2.0.RELEASE/spring-boot-starter-test-2.2.0.RELEASE.jar:/Users/miteshpatel/.m2/repository/org/springframework/boot/spring-boot-test/2.2.0.RELEASE/spring-boot-test-2.2.0.RELEASE.jar:/Users/miteshpatel/.m2/repository/org/springframework/boot/spring-boot-test-autoconfigure/2.2.0.RELEASE/spring-boot-test-autoconfigure-2.2.0.RELEASE.jar:/Users/miteshpatel/.m2/repository/com/jayway/jsonpath/json-path/2.4.0/json-path-2.4.0.jar:/Users/miteshpatel/.m2/repository/net/minidev/json-smart/2.3/json-smart-2.3.jar:/Users/miteshpatel/.m2/repository/net/minidev/accessors-smart/1.2/accessors-smart-1.2.jar:/Users/miteshpatel/.m2/repository/org/ow2/asm/asm/5.0.4/asm-5.0.4.jar:/Users/miteshpatel/.m2/repository/org/slf4j/slf4j-api/1.7.28/slf4j-api-1.7.28.jar:/Users/miteshpatel/.m2/repository/jakarta/xml/bind/jakarta.xml.bind-api/2.3.2/jakarta.xml.bind-api-2.3.2.jar:/Users/miteshpatel/.m2/repository/jakarta/activation/jakarta.activation-api/1.2.1/jakarta.activation-api-1.2.1.jar:/Users/miteshpatel/.m2/repository/org/junit/jupiter/junit-jupiter/5.5.2/junit-jupiter-5.5.2.jar:/Users/miteshpatel/.m2/repository/org/junit/jupiter/junit-jupiter-api/5.5.2/junit-jupiter-api-5.5.2.jar:/Users/miteshpatel/.m2/repository/org/opentest4j/opentest4j/1.2.0/opentest4j-1.2.0.jar:/Users/miteshpatel/.m2/repository/org/junit/platform/junit-platform-commons/1.5.2/junit-platform-commons-1.5.2.jar:/Users/miteshpatel/.m2/repository/org/junit/jupiter/junit-jupiter-params/5.5.2/junit-jupiter-params-5.5.2.jar:/Users/miteshpatel/.m2/repository/org/junit/jupiter/junit-jupiter-engine/5.5.2/junit-jupiter-engine-5.5.2.jar:/Users/miteshpatel/.m2/repository/org/junit/vintage/junit-vintage-engine/5.5.2/junit-vintage-engine-5.5.2.jar:/Users/miteshpatel/.m2/repository/org/apiguardian/apiguardian-api/1.1.0/apiguardian-api-1.1.0.jar:/Users/miteshpatel/.m2/repository/org/junit/platform/junit-platform-engine/1.5.2/junit-platform-engine-1.5.2.jar:/Users/miteshpatel/.m2/repository/junit/junit/4.12/junit-4.12.jar:/Users/miteshpatel/.m2/repository/org/mockito/mockito-junit-jupiter/3.1.0/mockito-junit-jupiter-3.1.0.jar:/Users/miteshpatel/.m2/repository/org/assertj/assertj-core/3.13.2/assertj-core-3.13.2.jar:/Users/miteshpatel/.m2/repository/org/hamcrest/hamcrest/2.1/hamcrest-2.1.jar:/Users/miteshpatel/.m2/repository/org/mockito/mockito-core/3.1.0/mockito-core-3.1.0.jar:/Users/miteshpatel/.m2/repository/net/bytebuddy/byte-buddy/1.10.1/byte-buddy-1.10.1.jar:/Users/miteshpatel/.m2/repository/net/bytebuddy/byte-buddy-agent/1.10.1/byte-buddy-agent-1.10.1.jar:/Users/miteshpatel/.m2/repository/org/objenesis/objenesis/2.6/objenesis-2.6.jar:/Users/miteshpatel/.m2/repository/org/skyscreamer/jsonassert/1.5.0/jsonassert-1.5.0.jar:/Users/miteshpatel/.m2/repository/com/vaadin/external/google/android-json/0.0.20131108.vaadin1/android-json-0.0.20131108.vaadin1.jar:/Users/miteshpatel/.m2/repository/org/springframework/spring-core/5.2.0.RELEASE/spring-core-5.2.0.RELEASE.jar:/Users/miteshpatel/.m2/repository/org/springframework/spring-jcl/5.2.0.RELEASE/spring-jcl-5.2.0.RELEASE.jar:/Users/miteshpatel/.m2/repository/org/springframework/spring-test/5.2.0.RELEASE/spring-test-5.2.0.RELEASE.jar:/Users/miteshpatel/.m2/repository/org/xmlunit/xmlunit-core/2.6.3/xmlunit-core-2.6.3.jar:/Users/miteshpatel/.m2/repository/org/springframework/boot/spring-boot-starter-actuator/2.2.0.RELEASE/spring-boot-starter-actuator-2.2.0.RELEASE.jar:/Users/miteshpatel/.m2/repository/org/springframework/boot/spring-boot-actuator-autoconfigure/2.2.0.RELEASE/spring-boot-actuator-autoconfigure-2.2.0.RELEASE.jar:/Users/miteshpatel/.m2/repository/org/springframework/boot/spring-boot-actuator/2.2.0.RELEASE/spring-boot-actuator-2.2.0.RELEASE.jar:/Users/miteshpatel/.m2/repository/com/fasterxml/jackson/core/jackson-databind/2.10.0/jackson-databind-2.10.0.jar:/Users/miteshpatel/.m2/repository/com/fasterxml/jackson/core/jackson-annotations/2.10.0/jackson-annotations-2.10.0.jar:/Users/miteshpatel/.m2/repository/com/fasterxml/jackson/core/jackson-core/2.10.0/jackson-core-2.10.0.jar:/Users/miteshpatel/.m2/repository/org/springframework/spring-context/5.2.0.RELEASE/spring-context-5.2.0.RELEASE.jar:/Users/miteshpatel/.m2/repository/com/fasterxml/jackson/datatype/jackson-datatype-jsr310/2.10.0/jackson-datatype-jsr310-2.10.0.jar:/Users/miteshpatel/.m2/repository/io/micrometer/micrometer-core/1.3.0/micrometer-core-1.3.0.jar:/Users/miteshpatel/.m2/repository/org/hdrhistogram/HdrHistogram/2.1.11/HdrHistogram-2.1.11.jar:/Users/miteshpatel/.m2/repository/org/latencyutils/LatencyUtils/2.0.3/LatencyUtils-2.0.3.jar:/Users/miteshpatel/.m2/repository/org/springframework/boot/spring-boot-starter/2.2.0.RELEASE/spring-boot-starter-2.2.0.RELEASE.jar:/Users/miteshpatel/.m2/repository/org/springframework/boot/spring-boot/2.2.0.RELEASE/spring-boot-2.2.0.RELEASE.jar:/Users/miteshpatel/.m2/repository/org/springframework/boot/spring-boot-autoconfigure/2.2.0.RELEASE/spring-boot-autoconfigure-2.2.0.RELEASE.jar:/Users/miteshpatel/.m2/repository/org/springframework/boot/spring-boot-starter-logging/2.2.0.RELEASE/spring-boot-starter-logging-2.2.0.RELEASE.jar:/Users/miteshpatel/.m2/repository/ch/qos/logback/logback-classic/1.2.3/logback-classic-1.2.3.jar:/Users/miteshpatel/.m2/repository/ch/qos/logback/logback-core/1.2.3/logback-core-1.2.3.jar:/Users/miteshpatel/.m2/repository/org/apache/logging/log4j/log4j-to-slf4j/2.12.1/log4j-to-slf4j-2.12.1.jar:/Users/miteshpatel/.m2/repository/org/apache/logging/log4j/log4j-api/2.12.1/log4j-api-2.12.1.jar:/Users/miteshpatel/.m2/repository/org/slf4j/jul-to-slf4j/1.7.28/jul-to-slf4j-1.7.28.jar:/Users/miteshpatel/.m2/repository/jakarta/annotation/jakarta.annotation-api/1.3.5/jakarta.annotation-api-1.3.5.jar:/Users/miteshpatel/.m2/repository/org/yaml/snakeyaml/1.25/snakeyaml-1.25.jar:/Users/miteshpatel/.m2/repository/org/springframework/boot/spring-boot-starter-web/2.2.0.RELEASE/spring-boot-starter-web-2.2.0.RELEASE.jar:/Users/miteshpatel/.m2/repository/org/springframework/boot/spring-boot-starter-json/2.2.0.RELEASE/spring-boot-starter-json-2.2.0.RELEASE.jar:/Users/miteshpatel/.m2/repository/com/fasterxml/jackson/datatype/jackson-datatype-jdk8/2.10.0/jackson-datatype-jdk8-2.10.0.jar:/Users/miteshpatel/.m2/repository/com/fasterxml/jackson/module/jackson-module-parameter-names/2.10.0/jackson-module-parameter-names-2.10.0.jar:/Users/miteshpatel/.m2/repository/org/springframework/boot/spring-boot-starter-tomcat/2.2.0.RELEASE/spring-boot-starter-tomcat-2.2.0.RELEASE.jar:/Users/miteshpatel/.m2/repository/org/apache/tomcat/embed/tomcat-embed-core/9.0.27/tomcat-embed-core-9.0.27.jar:/Users/miteshpatel/.m2/repository/org/apache/tomcat/embed/tomcat-embed-el/9.0.27/tomcat-embed-el-9.0.27.jar:/Users/miteshpatel/.m2/repository/org/apache/tomcat/embed/tomcat-embed-websocket/9.0.27/tomcat-embed-websocket-9.0.27.jar:/Users/miteshpatel/.m2/repository/org/springframework/boot/spring-boot-starter-validation/2.2.0.RELEASE/spring-boot-starter-validation-2.2.0.RELEASE.jar:/Users/miteshpatel/.m2/repository/jakarta/validation/jakarta.validation-api/2.0.1/jakarta.validation-api-2.0.1.jar:/Users/miteshpatel/.m2/repository/org/hibernate/validator/hibernate-validator/6.0.17.Final/hibernate-validator-6.0.17.Final.jar:/Users/miteshpatel/.m2/repository/org/jboss/logging/jboss-logging/3.4.1.Final/jboss-logging-3.4.1.Final.jar:/Users/miteshpatel/.m2/repository/com/fasterxml/classmate/1.5.0/classmate-1.5.0.jar:/Users/miteshpatel/.m2/repository/org/springframework/spring-web/5.2.0.RELEASE/spring-web-5.2.0.RELEASE.jar:/Users/miteshpatel/.m2/repository/org/springframework/spring-beans/5.2.0.RELEASE/spring-beans-5.2.0.RELEASE.jar:/Users/miteshpatel/.m2/repository/org/springframework/spring-webmvc/5.2.0.RELEASE/spring-webmvc-5.2.0.RELEASE.jar:/Users/miteshpatel/.m2/repository/org/springframework/spring-aop/5.2.0.RELEASE/spring-aop-5.2.0.RELEASE.jar:/Users/miteshpatel/.m2/repository/org/springframework/spring-expression/5.2.0.RELEASE/spring-expression-5.2.0.RELEASE.jar:"/>
    <property name="sun.cpu.endian" value="little"/>
    <property name="user.home" value="/Users/miteshpatel"/>
    <property name="user.language" value="en"/>
    <property name="java.specification.vendor" value="Oracle Corporation"/>
    <property name="java.home" value="/Library/Java/JavaVirtualMachines/jdk1.8.0_111.jdk/Contents/Home/jre"/>
    <property name="basedir" value="/Users/miteshpatel/Projects/spring-cloud-stream-samples/multi-functions-samples/function-composition-rabbit"/>
    <property name="file.separator" value="/"/>
    <property name="line.separator" value="&#10;"/>
    <property name="java.vm.specification.vendor" value="Oracle Corporation"/>
    <property name="java.specification.name" value="Java Platform API Specification"/>
    <property name="java.awt.graphicsenv" value="sun.awt.CGraphicsEnvironment"/>
    <property name="surefire.real.class.path" value="/Users/miteshpatel/Projects/spring-cloud-stream-samples/multi-functions-samples/function-composition-rabbit/target/surefire/surefirebooter2129762996300555092.jar"/>
    <property name="sun.boot.class.path" value="/Library/Java/JavaVirtualMachines/jdk1.8.0_111.jdk/Contents/Home/jre/lib/resources.jar:/Library/Java/JavaVirtualMachines/jdk1.8.0_111.jdk/Contents/Home/jre/lib/rt.jar:/Library/Java/JavaVirtualMachines/jdk1.8.0_111.jdk/Contents/Home/jre/lib/sunrsasign.jar:/Library/Java/JavaVirtualMachines/jdk1.8.0_111.jdk/Contents/Home/jre/lib/jsse.jar:/Library/Java/JavaVirtualMachines/jdk1.8.0_111.jdk/Contents/Home/jre/lib/jce.jar:/Library/Java/JavaVirtualMachines/jdk1.8.0_111.jdk/Contents/Home/jre/lib/charsets.jar:/Library/Java/JavaVirtualMachines/jdk1.8.0_111.jdk/Contents/Home/jre/lib/jfr.jar:/Library/Java/JavaVirtualMachines/jdk1.8.0_111.jdk/Contents/Home/jre/classes"/>
    <property name="sun.management.compiler" value="HotSpot 64-Bit Tiered Compilers"/>
    <property name="ftp.nonProxyHosts" value="local|*.local|169.254/16|*.169.254/16"/>
    <property name="java.runtime.version" value="1.8.0_111-b14"/>
    <property name="user.name" value="miteshpatel"/>
    <property name="path.separator" value=":"/>
    <property name="os.version" value="10.15.2"/>
    <property name="java.endorsed.dirs" value="/Library/Java/JavaVirtualMachines/jdk1.8.0_111.jdk/Contents/Home/jre/lib/endorsed"/>
    <property name="java.runtime.name" value="Java(TM) SE Runtime Environment"/>
    <property name="altSnapshotDeploymentRepository" value="repo.spring.io::default::https://repo.spring.io/libs-snapshot-local"/>
    <property name="file.encoding" value="UTF-8"/>
    <property name="java.vm.name" value="Java HotSpot(TM) 64-Bit Server VM"/>
    <property name="localRepository" value="/Users/miteshpatel/.m2/repository"/>
    <property name="java.vendor.url.bug" value="http://bugreport.sun.com/bugreport/"/>
    <property name="java.io.tmpdir" value="/var/folders/hp/2qrlr9154gx4rrk5lhd977ym0000gn/T/"/>
    <property name="java.version" value="1.8.0_111"/>
    <property name="user.dir" value="/Users/miteshpatel/Projects/spring-cloud-stream-samples/multi-functions-samples/function-composition-rabbit"/>
    <property name="os.arch" value="x86_64"/>
    <property name="java.vm.specification.name" value="Java Virtual Machine Specification"/>
    <property name="java.awt.printerjob" value="sun.lwawt.macosx.CPrinterJob"/>
    <property name="sun.os.patch.level" value="unknown"/>
    <property name="java.library.path" value="/Users/miteshpatel/Library/Java/Extensions:/Library/Java/Extensions:/Network/Library/Java/Extensions:/System/Library/Java/Extensions:/usr/lib/java:."/>
    <property name="java.vm.info" value="mixed mode"/>
    <property name="java.vendor" value="Oracle Corporation"/>
    <property name="java.vm.version" value="25.111-b14"/>
    <property name="java.ext.dirs" value="/Users/miteshpatel/Library/Java/Extensions:/Library/Java/JavaVirtualMachines/jdk1.8.0_111.jdk/Contents/Home/jre/lib/ext:/Library/Java/Extensions:/Network/Library/Java/Extensions:/System/Library/Java/Extensions:/usr/lib/java"/>
    <property name="sun.io.unicode.encoding" value="UnicodeBig"/>
    <property name="java.class.version" value="52.0"/>
    <property name="socksNonProxyHosts" value="local|*.local|169.254/16|*.169.254/16"/>
  </properties>
  <testcase name="contextLoads" classname="demo.ModuleApplicationTests" time="0">
    <skipped/>
    <system-out><![CDATA[19:05:31.829 [main] DEBUG org.springframework.test.context.junit4.SpringJUnit4ClassRunner - SpringJUnit4ClassRunner constructor called with [class demo.ModuleApplicationTests]
19:05:31.838 [main] DEBUG org.springframework.test.context.BootstrapUtils - Instantiating CacheAwareContextLoaderDelegate from class [org.springframework.test.context.cache.DefaultCacheAwareContextLoaderDelegate]
19:05:31.864 [main] DEBUG org.springframework.test.context.BootstrapUtils - Instantiating BootstrapContext using constructor [public org.springframework.test.context.support.DefaultBootstrapContext(java.lang.Class,org.springframework.test.context.CacheAwareContextLoaderDelegate)]
19:05:31.949 [main] DEBUG org.springframework.test.context.BootstrapUtils - Instantiating TestContextBootstrapper for test class [demo.ModuleApplicationTests] from class [org.springframework.boot.test.context.SpringBootTestContextBootstrapper]
19:05:31.980 [main] INFO org.springframework.boot.test.context.SpringBootTestContextBootstrapper - Neither @ContextConfiguration nor @ContextHierarchy found for test class [demo.ModuleApplicationTests], using SpringBootContextLoader
19:05:31.988 [main] DEBUG org.springframework.test.context.support.AbstractContextLoader - Did not detect default resource location for test class [demo.ModuleApplicationTests]: class path resource [demo/ModuleApplicationTests-context.xml] does not exist
19:05:31.989 [main] DEBUG org.springframework.test.context.support.AbstractContextLoader - Did not detect default resource location for test class [demo.ModuleApplicationTests]: class path resource [demo/ModuleApplicationTestsContext.groovy] does not exist
19:05:31.990 [main] INFO org.springframework.test.context.support.AbstractContextLoader - Could not detect default resource locations for test class [demo.ModuleApplicationTests]: no resource found for suffixes {-context.xml, Context.groovy}.
19:05:32.088 [main] DEBUG org.springframework.test.context.support.ActiveProfilesUtils - Could not find an 'annotation declaring class' for annotation type [org.springframework.test.context.ActiveProfiles] and class [demo.ModuleApplicationTests]
19:05:32.373 [main] DEBUG org.springframework.boot.test.context.SpringBootTestContextBootstrapper - @TestExecutionListeners is not present for class [demo.ModuleApplicationTests]: using defaults.
19:05:32.374 [main] INFO org.springframework.boot.test.context.SpringBootTestContextBootstrapper - Loaded default TestExecutionListener class names from location [META-INF/spring.factories]: [org.springframework.boot.test.mock.mockito.MockitoTestExecutionListener, org.springframework.boot.test.mock.mockito.ResetMocksTestExecutionListener, org.springframework.boot.test.autoconfigure.restdocs.RestDocsTestExecutionListener, org.springframework.boot.test.autoconfigure.web.client.MockRestServiceServerResetTestExecutionListener, org.springframework.boot.test.autoconfigure.web.servlet.MockMvcPrintOnlyOnFailureTestExecutionListener, org.springframework.boot.test.autoconfigure.web.servlet.WebDriverTestExecutionListener, org.springframework.test.context.web.ServletTestExecutionListener, org.springframework.test.context.support.DirtiesContextBeforeModesTestExecutionListener, org.springframework.test.context.support.DependencyInjectionTestExecutionListener, org.springframework.test.context.support.DirtiesContextTestExecutionListener, org.springframework.test.context.transaction.TransactionalTestExecutionListener, org.springframework.test.context.jdbc.SqlScriptsTestExecutionListener, org.springframework.test.context.event.EventPublishingTestExecutionListener]
19:05:32.415 [main] INFO org.springframework.boot.test.context.SpringBootTestContextBootstrapper - Using TestExecutionListeners: [org.springframework.test.context.web.ServletTestExecutionListener@6ff29830, org.springframework.test.context.support.DirtiesContextBeforeModesTestExecutionListener@6a2b953e, org.springframework.boot.test.mock.mockito.MockitoTestExecutionListener@313b2ea6, org.springframework.boot.test.autoconfigure.SpringBootDependencyInjectionTestExecutionListener@2f465398, org.springframework.test.context.support.DirtiesContextTestExecutionListener@548e6d58, org.springframework.test.context.transaction.TransactionalTestExecutionListener@623a8092, org.springframework.test.context.jdbc.SqlScriptsTestExecutionListener@a1cdc6d, org.springframework.test.context.event.EventPublishingTestExecutionListener@175b9425, org.springframework.boot.test.mock.mockito.ResetMocksTestExecutionListener@3098cf3b, org.springframework.boot.test.autoconfigure.restdocs.RestDocsTestExecutionListener@610f7aa, org.springframework.boot.test.autoconfigure.web.client.MockRestServiceServerResetTestExecutionListener@6a03bcb1, org.springframework.boot.test.autoconfigure.web.servlet.MockMvcPrintOnlyOnFailureTestExecutionListener@21b2e768, org.springframework.boot.test.autoconfigure.web.servlet.WebDriverTestExecutionListener@57250572]
19:05:32.436 [main] DEBUG org.springframework.test.annotation.ProfileValueUtils - Retrieved @ProfileValueSourceConfiguration [null] for test class [demo.ModuleApplicationTests]
19:05:32.437 [main] DEBUG org.springframework.test.annotation.ProfileValueUtils - Retrieved ProfileValueSource type [class org.springframework.test.annotation.SystemProfileValueSource] for class [demo.ModuleApplicationTests]
19:05:32.475 [main] DEBUG org.springframework.test.context.junit4.SpringJUnit4ClassRunner - SpringJUnit4ClassRunner constructor called with [class demo.ModuleApplicationTests]
19:05:32.475 [main] DEBUG org.springframework.test.context.BootstrapUtils - Instantiating CacheAwareContextLoaderDelegate from class [org.springframework.test.context.cache.DefaultCacheAwareContextLoaderDelegate]
19:05:32.476 [main] DEBUG org.springframework.test.context.BootstrapUtils - Instantiating BootstrapContext using constructor [public org.springframework.test.context.support.DefaultBootstrapContext(java.lang.Class,org.springframework.test.context.CacheAwareContextLoaderDelegate)]
19:05:32.476 [main] DEBUG org.springframework.test.context.BootstrapUtils - Instantiating TestContextBootstrapper for test class [demo.ModuleApplicationTests] from class [org.springframework.boot.test.context.SpringBootTestContextBootstrapper]
19:05:32.477 [main] INFO org.springframework.boot.test.context.SpringBootTestContextBootstrapper - Neither @ContextConfiguration nor @ContextHierarchy found for test class [demo.ModuleApplicationTests], using SpringBootContextLoader
19:05:32.478 [main] DEBUG org.springframework.test.context.support.AbstractContextLoader - Did not detect default resource location for test class [demo.ModuleApplicationTests]: class path resource [demo/ModuleApplicationTests-context.xml] does not exist
19:05:32.479 [main] DEBUG org.springframework.test.context.support.AbstractContextLoader - Did not detect default resource location for test class [demo.ModuleApplicationTests]: class path resource [demo/ModuleApplicationTestsContext.groovy] does not exist
19:05:32.479 [main] INFO org.springframework.test.context.support.AbstractContextLoader - Could not detect default resource locations for test class [demo.ModuleApplicationTests]: no resource found for suffixes {-context.xml, Context.groovy}.
19:05:32.484 [main] DEBUG org.springframework.test.context.support.ActiveProfilesUtils - Could not find an 'annotation declaring class' for annotation type [org.springframework.test.context.ActiveProfiles] and class [demo.ModuleApplicationTests]
19:05:32.488 [main] DEBUG org.springframework.boot.test.context.SpringBootTestContextBootstrapper - @TestExecutionListeners is not present for class [demo.ModuleApplicationTests]: using defaults.
19:05:32.489 [main] INFO org.springframework.boot.test.context.SpringBootTestContextBootstrapper - Loaded default TestExecutionListener class names from location [META-INF/spring.factories]: [org.springframework.boot.test.mock.mockito.MockitoTestExecutionListener, org.springframework.boot.test.mock.mockito.ResetMocksTestExecutionListener, org.springframework.boot.test.autoconfigure.restdocs.RestDocsTestExecutionListener, org.springframework.boot.test.autoconfigure.web.client.MockRestServiceServerResetTestExecutionListener, org.springframework.boot.test.autoconfigure.web.servlet.MockMvcPrintOnlyOnFailureTestExecutionListener, org.springframework.boot.test.autoconfigure.web.servlet.WebDriverTestExecutionListener, org.springframework.test.context.web.ServletTestExecutionListener, org.springframework.test.context.support.DirtiesContextBeforeModesTestExecutionListener, org.springframework.test.context.support.DependencyInjectionTestExecutionListener, org.springframework.test.context.support.DirtiesContextTestExecutionListener, org.springframework.test.context.transaction.TransactionalTestExecutionListener, org.springframework.test.context.jdbc.SqlScriptsTestExecutionListener, org.springframework.test.context.event.EventPublishingTestExecutionListener]
19:05:32.489 [main] INFO org.springframework.boot.test.context.SpringBootTestContextBootstrapper - Using TestExecutionListeners: [org.springframework.test.context.web.ServletTestExecutionListener@2cd2a21f, org.springframework.test.context.support.DirtiesContextBeforeModesTestExecutionListener@2e55dd0c, org.springframework.boot.test.mock.mockito.MockitoTestExecutionListener@74455848, org.springframework.boot.test.autoconfigure.SpringBootDependencyInjectionTestExecutionListener@e7edb54, org.springframework.test.context.support.DirtiesContextTestExecutionListener@378542de, org.springframework.test.context.transaction.TransactionalTestExecutionListener@3738449f, org.springframework.test.context.jdbc.SqlScriptsTestExecutionListener@69e1dd28, org.springframework.test.context.event.EventPublishingTestExecutionListener@11bd0f3b, org.springframework.boot.test.mock.mockito.ResetMocksTestExecutionListener@c333c60, org.springframework.boot.test.autoconfigure.restdocs.RestDocsTestExecutionListener@79da8dc5, org.springframework.boot.test.autoconfigure.web.client.MockRestServiceServerResetTestExecutionListener@1eb5174b, org.springframework.boot.test.autoconfigure.web.servlet.MockMvcPrintOnlyOnFailureTestExecutionListener@67080771, org.springframework.boot.test.autoconfigure.web.servlet.WebDriverTestExecutionListener@72cde7cc]
19:05:32.490 [main] DEBUG org.springframework.test.annotation.ProfileValueUtils - Retrieved @ProfileValueSourceConfiguration [null] for test class [demo.ModuleApplicationTests]
19:05:32.490 [main] DEBUG org.springframework.test.annotation.ProfileValueUtils - Retrieved ProfileValueSource type [class org.springframework.test.annotation.SystemProfileValueSource] for class [demo.ModuleApplicationTests]
19:05:32.618 [main] DEBUG org.springframework.test.annotation.ProfileValueUtils - Retrieved @ProfileValueSourceConfiguration [null] for test class [demo.ModuleApplicationTests]
19:05:32.618 [main] DEBUG org.springframework.test.annotation.ProfileValueUtils - Retrieved ProfileValueSource type [class org.springframework.test.annotation.SystemProfileValueSource] for class [demo.ModuleApplicationTests]
19:05:32.627 [main] DEBUG org.springframework.test.annotation.ProfileValueUtils - Retrieved @ProfileValueSourceConfiguration [null] for test class [demo.ModuleApplicationTests]
19:05:32.627 [main] DEBUG org.springframework.test.annotation.ProfileValueUtils - Retrieved ProfileValueSource type [class org.springframework.test.annotation.SystemProfileValueSource] for class [demo.ModuleApplicationTests]
19:05:32.628 [main] DEBUG org.springframework.test.annotation.ProfileValueUtils - Retrieved @ProfileValueSourceConfiguration [null] for test class [demo.ModuleApplicationTests]
19:05:32.628 [main] DEBUG org.springframework.test.annotation.ProfileValueUtils - Retrieved ProfileValueSource type [class org.springframework.test.annotation.SystemProfileValueSource] for class [demo.ModuleApplicationTests]
]]></system-out>
  </testcase>
</testsuite>